cppcheck: unusedFunction check can't be used with '-j' option. Disabling unusedFunction check.
Checking src/demo_context.cpp ...
Checking src/demo_coordination.cpp ...
Checking src/demo_imgui.cpp ...
Checking src/demo_lighting.cpp ...
Checking src/demo_loader.cpp ...
1/53 files checked 0% done
Checking src/demo_log.cpp ...
Checking src/demo_main.cpp ...
Checking src/demo_material.cpp ...
Checking src/demo_object.cpp ...
2/53 files checked 0% done
3/53 files checked 0% done
Checking src/demo_shader.cpp ...
Checking src/demo_shape.cpp ...
4/53 files checked 0% done
5/53 files checked 0% done
Checking src/demo_texture.cpp ...
6/53 files checked 0% done
Checking src/demo_transform.cpp ...
Checking external/glad-4.1/src/glad.c ...
7/53 files checked 0% done
Checking external/imgui-1.88/imgui/imgui.cpp ...
8/53 files checked 0% done
Checking external/imgui-1.88/imgui/imgui_demo.cpp ...
9/53 files checked 0% done
Checking external/imgui-1.88/imgui/imgui_draw.cpp ...
10/53 files checked 0% done
Checking external/imgui-1.88/imgui/imgui_impl_glfw.cpp ...
11/53 files checked 0% done
Checking external/imgui-1.88/imgui/imgui_impl_opengl3.cpp ...
12/53 files checked 0% done
Checking external/imgui-1.88/imgui/imgui_tables.cpp ...
13/53 files checked 0% done
Checking external/imgui-1.88/imgui/imgui_widgets.cpp ...
14/53 files checked 0% done
Checking external/stb/src/stb_image.cpp ...
15/53 files checked 0% done
Checking external/loguru-2.1.0/src/loguru.cpp ...
16/53 files checked 0% done
17/53 files checked 0% done
Checking external/glad-4.1/src/glad.c ...
Checking external/imgui-1.88/imgui/imgui.cpp ...
18/53 files checked 0% done
Checking external/imgui-1.88/imgui/imgui.cpp ...
19/53 files checked 0% done
Checking external/imgui-1.88/imgui/imgui_demo.cpp ...
20/53 files checked 0% done
Checking external/imgui-1.88/imgui/imgui_demo.cpp ...
21/53 files checked 0% done
Checking external/imgui-1.88/imgui/imgui_draw.cpp ...
22/53 files checked 0% done
Checking external/imgui-1.88/imgui/imgui_draw.cpp ...
23/53 files checked 0% done
Checking external/imgui-1.88/imgui/imgui_impl_glfw.cpp ...
24/53 files checked 0% done
Checking external/imgui-1.88/imgui/imgui_impl_glfw.cpp ...
25/53 files checked 0% done
Checking external/imgui-1.88/imgui/imgui_impl_opengl3.cpp ...
26/53 files checked 0% done
Checking external/imgui-1.88/imgui/imgui_impl_opengl3.cpp ...
27/53 files checked 0% done
Checking external/imgui-1.88/imgui/imgui_tables.cpp ...
28/53 files checked 0% done
29/53 files checked 0% done
Checking external/imgui-1.88/imgui/imgui_tables.cpp ...
Checking external/imgui-1.88/imgui/imgui_widgets.cpp ...
30/53 files checked 0% done
Checking external/imgui-1.88/imgui/imgui_widgets.cpp ...
31/53 files checked 0% done
Checking test/draw_triangle.cpp ...
32/53 files checked 0% done
33/53 files checked 0% done
Checking src/demo_context.cpp ...
Checking test/test_imgui.cpp ...
34/53 files checked 5% done
Checking src/demo_coordination.cpp ...
35/53 files checked 12% done
Checking src/demo_imgui.cpp ...
36/53 files checked 16% done
Checking src/demo_lighting.cpp ...
37/53 files checked 28% done
Checking src/demo_loader.cpp ...
38/53 files checked 31% done
Checking src/demo_log.cpp ...
39/53 files checked 33% done
Checking src/demo_main.cpp ...
40/53 files checked 43% done
Checking src/demo_material.cpp ...
41/53 files checked 44% done
Checking src/demo_object.cpp ...
42/53 files checked 54% done
Checking src/demo_shader.cpp ...
43/53 files checked 68% done
Checking src/demo_shape.cpp ...
44/53 files checked 82% done
Checking src/demo_texture.cpp ...
45/53 files checked 86% done
Checking src/demo_transform.cpp ...
46/53 files checked 100% done
47/53 files checked 100% done
48/53 files checked 100% done
49/53 files checked 100% done
50/53 files checked 100% done
51/53 files checked 100% done
52/53 files checked 100% done
53/53 files checked 100% done
